#
# There is insufficient memory for the Java Runtime Environment to continue.
# Native memory allocation (malloc) failed to allocate 1086288 bytes. Error detail: Chunk::new
# Possible reasons:
#   The system is out of physical RAM or swap space
#   This process is running with CompressedOops enabled, and the Java Heap may be blocking the growth of the native heap
# Possible solutions:
#   Reduce memory load on the system
#   Increase physical memory or swap space
#   Check if swap backing store is full
#   Decrease Java heap size (-Xmx/-Xms)
#   Decrease number of Java threads
#   Decrease Java thread stack sizes (-Xss)
#   Set larger code cache with -XX:ReservedCodeCacheSize=
#   JVM is running with Unscaled Compressed Oops mode in which the Java heap is
#     placed in the first 4GB address space. The Java Heap base address is the
#     maximum limit for the native heap growth. Please use -XX:HeapBaseMinAddress
#     to set the Java Heap base and to place the Java Heap above 4GB virtual address.
# This output file may be truncated or incomplete.
#
#  Out of Memory Error (arena.cpp:168), pid=9776, tid=13016
#
# JRE version: OpenJDK Runtime Environment Microsoft-11933218 (21.0.8+9) (build 21.0.8+9-LTS)
# Java VM: OpenJDK 64-Bit Server VM Microsoft-11933218 (21.0.8+9-LTS, mixed mode, sharing, tiered, compressed oops, compressed class ptrs, g1 gc, windows-amd64)
# No core dump will be written. Minidumps are not enabled by default on client versions of Windows
#

---------------  S U M M A R Y ------------

Command Line: -javaagent:F:\IntelliJ IDEA Community Edition 2025.1.3\lib\idea_rt.jar=49579 -Dfile.encoding=UTF-8 -Dsun.stdout.encoding=UTF-8 -Dsun.stderr.encoding=UTF-8 com.example.classcount.ClasscountApplication

Host: AMD A6-7310 APU with AMD Radeon R4 Graphics    , 4 cores, 3G,  Windows 10 , 64 bit Build 19041 (10.0.19041.5915)
Time: Wed Oct 15 23:31:28 2025 India Standard Time elapsed time: 13.122578 seconds (0d 0h 0m 13s)

---------------  T H R E A D  ---------------

Current thread (0x000002c2bb407690):  JavaThread "C2 CompilerThread0" daemon [_thread_in_native, id=13016, stack(0x000000eeea700000,0x000000eeea800000) (1024K)]


Current CompileTask:
C2:13123 3334       4       org.springframework.beans.factory.support.AbstractBeanFactory::isTypeMatch (745 bytes)

Stack: [0x000000eeea700000,0x000000eeea800000]
Native frames: (J=compiled Java code, j=interpreted, Vv=VM code, C=native code)
V  [jvm.dll+0x6e1729]
V  [jvm.dll+0x8bf47b]
V  [jvm.dll+0x8c19aa]
V  [jvm.dll+0x8c2083]
V  [jvm.dll+0x289fd6]
V  [jvm.dll+0xc903d]
V  [jvm.dll+0xc958c]
V  [jvm.dll+0x3c771c]
V  [jvm.dll+0x1ea5ad]
V  [jvm.dll+0x251db3]
V  [jvm.dll+0x251283]
V  [jvm.dll+0x1d18bf]
V  [jvm.dll+0x260f4a]
V  [jvm.dll+0x25f2b5]
V  [jvm.dll+0x40151d]
V  [jvm.dll+0x86975d]
V  [jvm.dll+0x6dff2d]
C  [ucrtbase.dll+0x21bb2]
C  [KERNEL32.DLL+0x17374]
C  [ntdll.dll+0x4cc91]


---------------  P R O C E S S  ---------------

Threads class SMR info:
_java_thread_list=0x000002c2bb7b9170, length=12, elements={
0x000002c2a07de930, 0x000002c2bb3ff530, 0x000002c2bb400440, 0x000002c2bb402200,
0x000002c2bb405470, 0x000002c2bb405ec0, 0x000002c2bb406910, 0x000002c2bb407690,
0x000002c2bb40c2a0, 0x000002c2bb4cd750, 0x000002c2bb8ce8c0, 0x000002c2bb777990
}

Java Threads: ( => current thread )
  0x000002c2a07de930 JavaThread "main"                              [_thread_in_vm, id=8432, stack(0x000000eee9900000,0x000000eee9a00000) (1024K)]
  0x000002c2bb3ff530 JavaThread "Reference Handler"          daemon [_thread_blocked, id=16056, stack(0x000000eeea100000,0x000000eeea200000) (1024K)]
  0x000002c2bb400440 JavaThread "Finalizer"                  daemon [_thread_blocked, id=3444, stack(0x000000eeea200000,0x000000eeea300000) (1024K)]
  0x000002c2bb402200 JavaThread "Signal Dispatcher"          daemon [_thread_blocked, id=14416, stack(0x000000eeea300000,0x000000eeea400000) (1024K)]
  0x000002c2bb405470 JavaThread "Attach Listener"            daemon [_thread_blocked, id=6684, stack(0x000000eeea400000,0x000000eeea500000) (1024K)]
  0x000002c2bb405ec0 JavaThread "Service Thread"             daemon [_thread_blocked, id=11796, stack(0x000000eeea500000,0x000000eeea600000) (1024K)]
  0x000002c2bb406910 JavaThread "Monitor Deflation Thread"   daemon [_thread_blocked, id=10944, stack(0x000000eeea600000,0x000000eeea700000) (1024K)]
=>0x000002c2bb407690 JavaThread "C2 CompilerThread0"         daemon [_thread_in_native, id=13016, stack(0x000000eeea700000,0x000000eeea800000) (1024K)]
  0x000002c2bb40c2a0 JavaThread "C1 CompilerThread0"         daemon [_thread_in_vm, id=6860, stack(0x000000eeea800000,0x000000eeea900000) (1024K)]
  0x000002c2bb4cd750 JavaThread "Common-Cleaner"             daemon [_thread_blocked, id=9212, stack(0x000000eeea900000,0x000000eeeaa00000) (1024K)]
  0x000002c2bb8ce8c0 JavaThread "Monitor Ctrl-Break"         daemon [_thread_in_native, id=9420, stack(0x000000eeeaa00000,0x000000eeeab00000) (1024K)]
  0x000002c2bb777990 JavaThread "Notification Thread"        daemon [_thread_blocked, id=15060, stack(0x000000eeeab00000,0x000000eeeac00000) (1024K)]
Total: 12

Other Threads:
  0x000002c2a0896b90 VMThread "VM Thread"                           [id=6308, stack(0x000000eeea000000,0x000000eeea100000) (1024K)]
  0x000002c2a0882a00 WatcherThread "VM Periodic Task Thread"        [id=6784, stack(0x000000eee9f00000,0x000000eeea000000) (1024K)]
  0x000002c2a0814220 WorkerThread "GC Thread#0"                     [id=5072, stack(0x000000eee9a00000,0x000000eee9b00000) (1024K)]
  0x000002c2fd4c41f0 WorkerThread "GC Thread#1"                     [id=15176, stack(0x000000eeeac00000,0x000000eeead00000) (1024K)]
  0x000002c2fd4dac10 WorkerThread "GC Thread#2"                     [id=7000, stack(0x000000eeead00000,0x000000eeeae00000) (1024K)]
  0x000002c2fd2d61e0 WorkerThread "GC Thread#3"                     [id=12032, stack(0x000000eeeae00000,0x000000eeeaf00000) (1024K)]
  0x000002c2a081d420 ConcurrentGCThread "G1 Main Marker"            [id=6700, stack(0x000000eee9b00000,0x000000eee9c00000) (1024K)]
  0x000002c2a081de30 WorkerThread "G1 Conc#0"                       [id=16100, stack(0x000000eee9c00000,0x000000eee9d00000) (1024K)]
  0x000002c2a0874870 ConcurrentGCThread "G1 Refine#0"               [id=14788, stack(0x000000eee9d00000,0x000000eee9e00000) (1024K)]
  0x000002c2a08752f0 ConcurrentGCThread "G1 Service"                [id=12392, stack(0x000000eee9e00000,0x000000eee9f00000) (1024K)]
Total: 10

Threads with active compile tasks:
C2 CompilerThread0  13214 3334       4       org.springframework.beans.factory.support.AbstractBeanFactory::isTypeMatch (745 bytes)
C1 CompilerThread0  13214 3630       2       org.springframework.core.BridgeMethodResolver::isVisibilityBridgeMethodPair (52 bytes)
Total: 2

VM state: not at safepoint (normal execution)

VM Mutex/Monitor currently owned by a thread: None

Heap address: 0x00000000c8800000, size: 888 MB, Compressed Oops mode: 32-bit

CDS archive(s) mapped at: [0x000002c2bc000000-0x000002c2bcc80000-0x000002c2bcc80000), size 13107200, SharedBaseAddress: 0x000002c2bc000000, ArchiveRelocationMode: 1.
Compressed class space mapped at: 0x000002c2bd000000-0x000002c2fd000000, reserved size: 1073741824
Narrow klass base: 0x000002c2bc000000, Narrow klass shift: 0, Narrow klass range: 0x100000000

GC Precious Log:
 CardTable entry size: 512
 Card Set container configuration: InlinePtr #cards 5 size 8 Array Of Cards #cards 12 size 40 Howl #buckets 4 coarsen threshold 1843 Howl Bitmap #cards 512 size 80 coarsen threshold 460 Card regions per heap region 1 cards per card region 2048
 CPUs: 4 total, 4 available
 Memory: 3546M
 Large Page Support: Disabled
 NUMA Support: Disabled
 Compressed Oops: Enabled (32-bit)
 Heap Region Size: 1M
 Heap Min Capacity: 8M
 Heap Initial Capacity: 56M
 Heap Max Capacity: 888M
 Pre-touch: Disabled
 Parallel Workers: 4
 Concurrent Workers: 1
 Concurrent Refinement Workers: 4
 Periodic GC: Disabled

Heap:
 garbage-first heap   total 55296K, used 33042K [0x00000000c8800000, 0x0000000100000000)
  region size 1024K, 21 young (21504K), 3 survivors (3072K)
 Metaspace       used 24373K, committed 24768K, reserved 1114112K
  class space    used 3047K, committed 3264K, reserved 1048576K

Heap Regions: E=young(eden), S=young(survivor), O=old, HS=humongous(starts), HC=humongous(continues), CS=collection set, F=free, TAMS=top-at-mark-start, PB=parsable bottom
|   0|0x00000000c8800000, 0x00000000c8900000, 0x00000000c8900000|100%|HS|  |TAMS 0x00000000c8800000| PB 0x00000000c8800000| Complete 
|   1|0x00000000c8900000, 0x00000000c8a00000, 0x00000000c8a00000|100%| O|  |TAMS 0x00000000c8900000| PB 0x00000000c8900000| Untracked 
|   2|0x00000000c8a00000, 0x00000000c8b00000, 0x00000000c8b00000|100%| O|  |TAMS 0x00000000c8a00000| PB 0x00000000c8a00000| Untracked 
|   3|0x00000000c8b00000, 0x00000000c8c00000, 0x00000000c8c00000|100%| O|  |TAMS 0x00000000c8b00000| PB 0x00000000c8b00000| Untracked 
|   4|0x00000000c8c00000, 0x00000000c8d00000, 0x00000000c8d00000|100%| O|  |TAMS 0x00000000c8c00000| PB 0x00000000c8c00000| Untracked 
|   5|0x00000000c8d00000, 0x00000000c8e00000, 0x00000000c8e00000|100%| O|  |TAMS 0x00000000c8d00000| PB 0x00000000c8d00000| Untracked 
|   6|0x00000000c8e00000, 0x00000000c8f00000, 0x00000000c8f00000|100%| O|  |TAMS 0x00000000c8e00000| PB 0x00000000c8e00000| Untracked 
|   7|0x00000000c8f00000, 0x00000000c9000000, 0x00000000c9000000|100%| O|  |TAMS 0x00000000c8f00000| PB 0x00000000c8f00000| Untracked 
|   8|0x00000000c9000000, 0x00000000c9100000, 0x00000000c9100000|100%| O|  |TAMS 0x00000000c9000000| PB 0x00000000c9000000| Untracked 
|   9|0x00000000c9100000, 0x00000000c9200000, 0x00000000c9200000|100%| O|  |TAMS 0x00000000c9100000| PB 0x00000000c9100000| Untracked 
|  10|0x00000000c9200000, 0x00000000c9300000, 0x00000000c9300000|100%| O|  |TAMS 0x00000000c9200000| PB 0x00000000c9200000| Untracked 
|  11|0x00000000c9300000, 0x00000000c9400000, 0x00000000c9400000|100%| O|  |TAMS 0x00000000c9300000| PB 0x00000000c9300000| Untracked 
|  12|0x00000000c9400000, 0x00000000c9500000, 0x00000000c9500000|100%| O|  |TAMS 0x00000000c9400000| PB 0x00000000c9400000| Untracked 
|  13|0x00000000c9500000, 0x00000000c9500000, 0x00000000c9600000|  0%| F|  |TAMS 0x00000000c9500000| PB 0x00000000c9500000| Untracked 
|  14|0x00000000c9600000, 0x00000000c9600000, 0x00000000c9700000|  0%| F|  |TAMS 0x00000000c9600000| PB 0x00000000c9600000| Untracked 
|  15|0x00000000c9700000, 0x00000000c9700000, 0x00000000c9800000|  0%| F|  |TAMS 0x00000000c9700000| PB 0x00000000c9700000| Untracked 
|  16|0x00000000c9800000, 0x00000000c9800000, 0x00000000c9900000|  0%| F|  |TAMS 0x00000000c9800000| PB 0x00000000c9800000| Untracked 
|  17|0x00000000c9900000, 0x00000000c9900000, 0x00000000c9a00000|  0%| F|  |TAMS 0x00000000c9900000| PB 0x00000000c9900000| Untracked 
|  18|0x00000000c9a00000, 0x00000000c9a00000, 0x00000000c9b00000|  0%| F|  |TAMS 0x00000000c9a00000| PB 0x00000000c9a00000| Untracked 
|  19|0x00000000c9b00000, 0x00000000c9b00000, 0x00000000c9c00000|  0%| F|  |TAMS 0x00000000c9b00000| PB 0x00000000c9b00000| Untracked 
|  20|0x00000000c9c00000, 0x00000000c9c00000, 0x00000000c9d00000|  0%| F|  |TAMS 0x00000000c9c00000| PB 0x00000000c9c00000| Untracked 
|  21|0x00000000c9d00000, 0x00000000c9d00000, 0x00000000c9e00000|  0%| F|  |TAMS 0x00000000c9d00000| PB 0x00000000c9d00000| Untracked 
|  22|0x00000000c9e00000, 0x00000000c9e00000, 0x00000000c9f00000|  0%| F|  |TAMS 0x00000000c9e00000| PB 0x00000000c9e00000| Untracked 
|  23|0x00000000c9f00000, 0x00000000c9f00000, 0x00000000ca000000|  0%| F|  |TAMS 0x00000000c9f00000| PB 0x00000000c9f00000| Untracked 
|  24|0x00000000ca000000, 0x00000000ca000000, 0x00000000ca100000|  0%| F|  |TAMS 0x00000000ca000000| PB 0x00000000ca000000| Untracked 
|  25|0x00000000ca100000, 0x00000000ca100000, 0x00000000ca200000|  0%| F|  |TAMS 0x00000000ca100000| PB 0x00000000ca100000| Untracked 
|  26|0x00000000ca200000, 0x00000000ca200000, 0x00000000ca300000|  0%| F|  |TAMS 0x00000000ca200000| PB 0x00000000ca200000| Untracked 
|  27|0x00000000ca300000, 0x00000000ca344b88, 0x00000000ca400000| 26%| S|CS|TAMS 0x00000000ca300000| PB 0x00000000ca300000| Complete 
|  28|0x00000000ca400000, 0x00000000ca500000, 0x00000000ca500000|100%| S|CS|TAMS 0x00000000ca400000| PB 0x00000000ca400000| Complete 
|  29|0x00000000ca500000, 0x00000000ca600000, 0x00000000ca600000|100%| S|CS|TAMS 0x00000000ca500000| PB 0x00000000ca500000| Complete 
|  30|0x00000000ca600000, 0x00000000ca600000, 0x00000000ca700000|  0%| F|  |TAMS 0x00000000ca600000| PB 0x00000000ca600000| Untracked 
|  31|0x00000000ca700000, 0x00000000ca700000, 0x00000000ca800000|  0%| F|  |TAMS 0x00000000ca700000| PB 0x00000000ca700000| Untracked 
|  32|0x00000000ca800000, 0x00000000ca800000, 0x00000000ca900000|  0%| F|  |TAMS 0x00000000ca800000| PB 0x00000000ca800000| Untracked 
|  33|0x00000000ca900000, 0x00000000ca900000, 0x00000000caa00000|  0%| F|  |TAMS 0x00000000ca900000| PB 0x00000000ca900000| Untracked 
|  34|0x00000000caa00000, 0x00000000caa00000, 0x00000000cab00000|  0%| F|  |TAMS 0x00000000caa00000| PB 0x00000000caa00000| Untracked 
|  35|0x00000000cab00000, 0x00000000cab00000, 0x00000000cac00000|  0%| F|  |TAMS 0x00000000cab00000| PB 0x00000000cab00000| Untracked 
|  36|0x00000000cac00000, 0x00000000cacebd90, 0x00000000cad00000| 92%| E|  |TAMS 0x00000000cac00000| PB 0x00000000cac00000| Complete 
|  37|0x00000000cad00000, 0x00000000cae00000, 0x00000000cae00000|100%| E|CS|TAMS 0x00000000cad00000| PB 0x00000000cad00000| Complete 
|  38|0x00000000cae00000, 0x00000000caf00000, 0x00000000caf00000|100%| E|CS|TAMS 0x00000000cae00000| PB 0x00000000cae00000| Complete 
|  39|0x00000000caf00000, 0x00000000cb000000, 0x00000000cb000000|100%| E|CS|TAMS 0x00000000caf00000| PB 0x00000000caf00000| Complete 
|  40|0x00000000cb000000, 0x00000000cb100000, 0x00000000cb100000|100%| E|CS|TAMS 0x00000000cb000000| PB 0x00000000cb000000| Complete 
|  41|0x00000000cb100000, 0x00000000cb200000, 0x00000000cb200000|100%| E|CS|TAMS 0x00000000cb100000| PB 0x00000000cb100000| Complete 
|  42|0x00000000cb200000, 0x00000000cb300000, 0x00000000cb300000|100%| E|CS|TAMS 0x00000000cb200000| PB 0x00000000cb200000| Complete 
|  43|0x00000000cb300000, 0x00000000cb400000, 0x00000000cb400000|100%| E|CS|TAMS 0x00000000cb300000| PB 0x00000000cb300000| Complete 
|  44|0x00000000cb400000, 0x00000000cb500000, 0x00000000cb500000|100%| E|CS|TAMS 0x00000000cb400000| PB 0x00000000cb400000| Complete 
|  45|0x00000000cb500000, 0x00000000cb600000, 0x00000000cb600000|100%| E|CS|TAMS 0x00000000cb500000| PB 0x00000000cb500000| Complete 
|  46|0x00000000cb600000, 0x00000000cb700000, 0x00000000cb700000|100%| E|CS|TAMS 0x00000000cb600000| PB 0x00000000cb600000| Complete 
|  47|0x00000000cb700000, 0x00000000cb800000, 0x00000000cb800000|100%| E|CS|TAMS 0x00000000cb700000| PB 0x00000000cb700000| Complete 
|  48|0x00000000cb800000, 0x00000000cb900000, 0x00000000cb900000|100%| E|CS|TAMS 0x00000000cb800000| PB 0x00000000cb800000| Complete 
|  49|0x00000000cb900000, 0x00000000cba00000, 0x00000000cba00000|100%| E|CS|TAMS 0x00000000cb900000| PB 0x00000000cb900000| Complete 
|  50|0x00000000cba00000, 0x00000000cbb00000, 0x00000000cbb00000|100%| E|CS|TAMS 0x00000000cba00000| PB 0x00000000cba00000| Complete 
|  51|0x00000000cbb00000, 0x00000000cbc00000, 0x00000000cbc00000|100%| E|CS|TAMS 0x00000000cbb00000| PB 0x00000000cbb00000| Complete 
|  52|0x00000000cbc00000, 0x00000000cbd00000, 0x00000000cbd00000|100%| E|CS|TAMS 0x00000000cbc00000| PB 0x00000000cbc00000| Complete 
|  55|0x00000000cbf00000, 0x00000000cc000000, 0x00000000cc000000|100%| E|CS|TAMS 0x00000000cbf00000| PB 0x00000000cbf00000| Complete 

Card table byte_map: [0x000002c2b7ee0000,0x000002c2b80a0000] _byte_map_base: 0x000002c2b789c000

Marking Bits: (CMBitMap*) 0x000002c2a0814830
 Bits: [0x000002c2b80a0000, 0x000002c2b8e80000)

Polling page: 0x000002c29e660000

Metaspace:

Usage:
  Non-class:     20.84 MB used.
      Class:      2.98 MB used.
       Both:     23.82 MB used.

Virtual space:
  Non-class space:       64.00 MB reserved,      21.06 MB ( 33%) committed,  1 nodes.
      Class space:        1.00 GB reserved,       3.19 MB ( <1%) committed,  1 nodes.
             Both:        1.06 GB reserved,      24.25 MB (  2%) committed. 

Chunk freelists:
   Non-Class:  10.48 MB
       Class:  12.80 MB
        Both:  23.28 MB

MaxMetaspaceSize: unlimited
CompressedClassSpaceSize: 1.00 GB
Initial GC threshold: 21.00 MB
Current GC threshold: 35.31 MB
CDS: on
 - commit_granule_bytes: 65536.
 - commit_granule_words: 8192.
 - virtual_space_node_default_size: 8388608.
 - enlarge_chunks_in_place: 1.
 - use_allocation_guard: 0.


Internal statistics:

num_allocs_failed_limit: 3.
num_arena_births: 484.
num_arena_deaths: 0.
num_vsnodes_births: 2.
num_vsnodes_deaths: 0.
num_space_committed: 388.
num_space_uncommitted: 0.
num_chunks_returned_to_freelist: 3.
num_chunks_taken_from_freelist: 1373.
num_chunk_merges: 0.
num_chunk_splits: 912.
num_chunks_enlarged: 624.
num_inconsistent_stats: 0.

CodeHeap 'non-profiled nmethods': size=120000Kb used=1351Kb max_used=1351Kb free=118648Kb
 bounds [0x000002c2b09b0000, 0x000002c2b0c20000, 0x000002c2b7ee0000]
CodeHeap 'profiled nmethods': size=120000Kb used=7445Kb max_used=7445Kb free=112554Kb
 bounds [0x000002c2a8ee0000, 0x000002c2a9630000, 0x000002c2b0410000]
CodeHeap 'non-nmethods': size=5760Kb used=1441Kb max_used=1460Kb free=4318Kb
 bounds [0x000002c2b0410000, 0x000002c2b0680000, 0x000002c2b09b0000]
CodeCache: size=245760Kb, used=10237Kb, max_used=10256Kb, free=235520Kb
 total_blobs=4142, nmethods=3614, adapters=433, full_count=0
Compilation: enabled, stopped_count=0, restarted_count=0

Compilation events (20 events):
Event: 13.038 Thread 0x000002c2bb40c2a0 3596       1       java.lang.invoke.MethodHandle::isInvokeSpecial (2 bytes)
Event: 13.038 Thread 0x000002c2bb40c2a0 nmethod 3596 0x000002c2b0aff990 code [0x000002c2b0affb20, 0x000002c2b0affbe8]
Event: 13.039 Thread 0x000002c2bb40c2a0 3597       2       org.springframework.core.BridgeMethodResolver::findBridgedMethod (9 bytes)
Event: 13.039 Thread 0x000002c2bb40c2a0 nmethod 3597 0x000002c2a961a310 code [0x000002c2a961a4c0, 0x000002c2a961a5c8]
Event: 13.039 Thread 0x000002c2bb40c2a0 3598       2       org.springframework.core.BridgeMethodResolver::resolveBridgeMethod (165 bytes)
Event: 13.041 Thread 0x000002c2bb40c2a0 nmethod 3598 0x000002c2a961a690 code [0x000002c2a961a8c0, 0x000002c2a961ae88]
Event: 13.041 Thread 0x000002c2bb40c2a0 3599   !   2       org.springframework.util.ReflectionUtils::getDeclaredMethods (183 bytes)
Event: 13.045 Thread 0x000002c2bb40c2a0 nmethod 3599 0x000002c2a961b290 code [0x000002c2a961b540, 0x000002c2a961be48]
Event: 13.045 Thread 0x000002c2bb40c2a0 3600       1       org.springframework.core.annotation.AnnotationFilter$1::matches (2 bytes)
Event: 13.045 Thread 0x000002c2bb40c2a0 nmethod 3600 0x000002c2b0affc90 code [0x000002c2b0affe20, 0x000002c2b0affee8]
Event: 13.045 Thread 0x000002c2bb40c2a0 3601       1       java.lang.reflect.Field::getDeclaringClass (5 bytes)
Event: 13.045 Thread 0x000002c2bb40c2a0 nmethod 3601 0x000002c2b0afff90 code [0x000002c2b0b00120, 0x000002c2b0b001e8]
Event: 13.046 Thread 0x000002c2bb40c2a0 3602       2       org.springframework.core.SerializableTypeWrapper::forTypeProvider (178 bytes)
Event: 13.048 Thread 0x000002c2bb40c2a0 nmethod 3602 0x000002c2a961c510 code [0x000002c2a961c7a0, 0x000002c2a961d188]
Event: 13.048 Thread 0x000002c2bb40c2a0 3603       2       org.springframework.core.MethodParameter::<init> (8 bytes)
Event: 13.050 Thread 0x000002c2bb40c2a0 nmethod 3603 0x000002c2a961d610 code [0x000002c2a961d800, 0x000002c2a961dc58]
Event: 13.050 Thread 0x000002c2bb40c2a0 3604       2       org.springframework.core.MethodParameter::<init> (30 bytes)
Event: 13.052 Thread 0x000002c2bb40c2a0 nmethod 3604 0x000002c2a961df10 code [0x000002c2a961e100, 0x000002c2a961e560]
Event: 13.059 Thread 0x000002c2bb40c2a0 3610       2       java.lang.invoke.InvokerBytecodeGenerator::assertStaticType (58 bytes)
Event: 13.060 Thread 0x000002c2bb40c2a0 nmethod 3610 0x000002c2a961e810 code [0x000002c2a961e9e0, 0x000002c2a961ecf8]

GC Heap History (10 events):
Event: 3.565 GC heap before
{Heap before GC invocations=0 (full 0):
 garbage-first heap   total 57344K, used 13312K [0x00000000c8800000, 0x0000000100000000)
  region size 1024K, 13 young (13312K), 0 survivors (0K)
 Metaspace       used 2932K, committed 3072K, reserved 1114112K
  class space    used 276K, committed 384K, reserved 1048576K
}
Event: 3.588 GC heap after
{Heap after GC invocations=1 (full 0):
 garbage-first heap   total 57344K, used 7680K [0x00000000c8800000, 0x0000000100000000)
  region size 1024K, 2 young (2048K), 2 survivors (2048K)
 Metaspace       used 2932K, committed 3072K, reserved 1114112K
  class space    used 276K, committed 384K, reserved 1048576K
}
Event: 4.820 GC heap before
{Heap before GC invocations=1 (full 0):
 garbage-first heap   total 57344K, used 17920K [0x00000000c8800000, 0x0000000100000000)
  region size 1024K, 12 young (12288K), 2 survivors (2048K)
 Metaspace       used 6146K, committed 6400K, reserved 1114112K
  class space    used 700K, committed 832K, reserved 1048576K
}
Event: 4.829 GC heap after
{Heap after GC invocations=2 (full 0):
 garbage-first heap   total 57344K, used 8811K [0x00000000c8800000, 0x0000000100000000)
  region size 1024K, 1 young (1024K), 1 survivors (1024K)
 Metaspace       used 6146K, committed 6400K, reserved 1114112K
  class space    used 700K, committed 832K, reserved 1048576K
}
Event: 6.440 GC heap before
{Heap before GC invocations=2 (full 0):
 garbage-first heap   total 57344K, used 29291K [0x00000000c8800000, 0x0000000100000000)
  region size 1024K, 22 young (22528K), 1 survivors (1024K)
 Metaspace       used 12050K, committed 12352K, reserved 1114112K
  class space    used 1426K, committed 1600K, reserved 1048576K
}
Event: 6.455 GC heap after
{Heap after GC invocations=3 (full 0):
 garbage-first heap   total 57344K, used 10896K [0x00000000c8800000, 0x0000000100000000)
  region size 1024K, 3 young (3072K), 3 survivors (3072K)
 Metaspace       used 12050K, committed 12352K, reserved 1114112K
  class space    used 1426K, committed 1600K, reserved 1048576K
}
Event: 8.872 GC heap before
{Heap before GC invocations=3 (full 0):
 garbage-first heap   total 57344K, used 36496K [0x00000000c8800000, 0x0000000100000000)
  region size 1024K, 29 young (29696K), 3 survivors (3072K)
 Metaspace       used 18080K, committed 18368K, reserved 1114112K
  class space    used 2182K, committed 2304K, reserved 1048576K
}
Event: 8.889 GC heap after
{Heap after GC invocations=4 (full 0):
 garbage-first heap   total 57344K, used 13996K [0x00000000c8800000, 0x0000000100000000)
  region size 1024K, 4 young (4096K), 4 survivors (4096K)
 Metaspace       used 18080K, committed 18368K, reserved 1114112K
  class space    used 2182K, committed 2304K, reserved 1048576K
}
Event: 11.225 GC heap before
{Heap before GC invocations=4 (full 0):
 garbage-first heap   total 57344K, used 39596K [0x00000000c8800000, 0x0000000100000000)
  region size 1024K, 30 young (30720K), 4 survivors (4096K)
 Metaspace       used 21299K, committed 21504K, reserved 1114112K
  class space    used 2583K, committed 2688K, reserved 1048576K
}
Event: 11.243 GC heap after
{Heap after GC invocations=5 (full 0):
 garbage-first heap   total 57344K, used 15634K [0x00000000c8800000, 0x0000000100000000)
  region size 1024K, 3 young (3072K), 3 survivors (3072K)
 Metaspace       used 21299K, committed 21504K, reserved 1114112K
  class space    used 2583K, committed 2688K, reserved 1048576K
}

Dll operation events (10 events):
Event: 0.050 Loaded shared library C:\Users\Kamal\.jdks\ms-21.0.8\bin\java.dll
Event: 0.367 Loaded shared library C:\Users\Kamal\.jdks\ms-21.0.8\bin\jsvml.dll
Event: 1.642 Loaded shared library C:\Users\Kamal\.jdks\ms-21.0.8\bin\zip.dll
Event: 1.657 Loaded shared library C:\Users\Kamal\.jdks\ms-21.0.8\bin\instrument.dll
Event: 1.680 Loaded shared library C:\Users\Kamal\.jdks\ms-21.0.8\bin\net.dll
Event: 1.686 Loaded shared library C:\Users\Kamal\.jdks\ms-21.0.8\bin\nio.dll
Event: 1.700 Loaded shared library C:\Users\Kamal\.jdks\ms-21.0.8\bin\zip.dll
Event: 2.377 Loaded shared library C:\Users\Kamal\.jdks\ms-21.0.8\bin\extnet.dll
Event: 2.726 Loaded shared library C:\Users\Kamal\.jdks\ms-21.0.8\bin\jimage.dll
Event: 7.506 Loaded shared library C:\Users\Kamal\.jdks\ms-21.0.8\bin\sunmscapi.dll

Deoptimization events (20 events):
Event: 12.420 Thread 0x000002c2a07de930 Uncommon trap: trap_request=0xffffff45 fr.pc=0x000002c2b0a260a8 relative=0x0000000000000108
Event: 12.420 Thread 0x000002c2a07de930 Uncommon trap: reason=unstable_if action=reinterpret pc=0x000002c2b0a260a8 method=jdk.internal.org.objectweb.asm.ByteVector.putShort(I)Ljdk/internal/org/objectweb/asm/ByteVector; @ 13 c2
Event: 12.420 Thread 0x000002c2a07de930 DEOPT PACKING pc=0x000002c2b0a260a8 sp=0x000000eee99fc4c0
Event: 12.420 Thread 0x000002c2a07de930 DEOPT UNPACKING pc=0x000002c2b04646a2 sp=0x000000eee99fc448 mode 2
Event: 12.592 Thread 0x000002c2a07de930 Uncommon trap: trap_request=0xffffff45 fr.pc=0x000002c2b0aeecc8 relative=0x00000000000004a8
Event: 12.592 Thread 0x000002c2a07de930 Uncommon trap: reason=unstable_if action=reinterpret pc=0x000002c2b0aeecc8 method=org.springframework.beans.factory.support.AbstractBeanFactory.getBeanPostProcessorCache()Lorg/springframework/beans/factory/support/AbstractBeanFactory$BeanPostProcessorCach
Event: 12.592 Thread 0x000002c2a07de930 DEOPT PACKING pc=0x000002c2b0aeecc8 sp=0x000000eee99fec80
Event: 12.592 Thread 0x000002c2a07de930 DEOPT UNPACKING pc=0x000002c2b04646a2 sp=0x000000eee99feb40 mode 2
Event: 12.903 Thread 0x000002c2a07de930 Uncommon trap: trap_request=0xffffff45 fr.pc=0x000002c2b0a2880c relative=0x000000000000006c
Event: 12.903 Thread 0x000002c2a07de930 Uncommon trap: reason=unstable_if action=reinterpret pc=0x000002c2b0a2880c method=org.springframework.util.ConcurrentReferenceHashMap$Segment.clear()V @ 7 c2
Event: 12.903 Thread 0x000002c2a07de930 DEOPT PACKING pc=0x000002c2b0a2880c sp=0x000000eee99fed20
Event: 12.903 Thread 0x000002c2a07de930 DEOPT UNPACKING pc=0x000002c2b04646a2 sp=0x000000eee99fecb0 mode 2
Event: 12.918 Thread 0x000002c2a07de930 Uncommon trap: trap_request=0xffffff45 fr.pc=0x000002c2b0aee49c relative=0x00000000000001fc
Event: 12.918 Thread 0x000002c2a07de930 Uncommon trap: reason=unstable_if action=reinterpret pc=0x000002c2b0aee49c method=org.springframework.beans.factory.support.AbstractBeanFactory.getBeanPostProcessorCache()Lorg/springframework/beans/factory/support/AbstractBeanFactory$BeanPostProcessorCach
Event: 12.918 Thread 0x000002c2a07de930 DEOPT PACKING pc=0x000002c2b0aee49c sp=0x000000eee99feda0
Event: 12.918 Thread 0x000002c2a07de930 DEOPT UNPACKING pc=0x000002c2b04646a2 sp=0x000000eee99fed30 mode 2
Event: 12.964 Thread 0x000002c2a07de930 Uncommon trap: trap_request=0xffffff45 fr.pc=0x000002c2b0ad7240 relative=0x0000000000000480
Event: 12.964 Thread 0x000002c2a07de930 Uncommon trap: reason=unstable_if action=reinterpret pc=0x000002c2b0ad7240 method=org.springframework.beans.factory.support.DefaultSingletonBeanRegistry.getSingleton(Ljava/lang/String;Z)Ljava/lang/Object; @ 20 c2
Event: 12.964 Thread 0x000002c2a07de930 DEOPT PACKING pc=0x000002c2b0ad7240 sp=0x000000eee99fda90
Event: 12.964 Thread 0x000002c2a07de930 DEOPT UNPACKING pc=0x000002c2b04646a2 sp=0x000000eee99fda18 mode 2

Classes loaded (20 events):
Event: 12.887 Loading class java/security/interfaces/RSAPublicKey
Event: 12.887 Loading class java/security/PublicKey
Event: 12.887 Loading class java/security/Key
Event: 12.888 Loading class java/security/Key done
Event: 12.888 Loading class java/security/PublicKey done
Event: 12.888 Loading class java/security/interfaces/RSAKey
Event: 12.888 Loading class java/security/interfaces/RSAKey done
Event: 12.888 Loading class java/security/interfaces/RSAPublicKey done
Event: 12.893 Loading class java/security/interfaces/RSAPrivateKey
Event: 12.893 Loading class java/security/PrivateKey
Event: 12.893 Loading class javax/security/auth/Destroyable
Event: 12.894 Loading class javax/security/auth/Destroyable done
Event: 12.894 Loading class java/security/PrivateKey done
Event: 12.894 Loading class java/security/interfaces/RSAPrivateKey done
Event: 12.937 Loading class javax/naming/NameNotFoundException
Event: 12.937 Loading class javax/naming/NameNotFoundException done
Event: 13.051 Loading class sun/invoke/util/ValueConversions$1
Event: 13.052 Loading class sun/invoke/util/ValueConversions$1 done
Event: 13.054 Loading class java/lang/invoke/BoundMethodHandle$Species_LI
Event: 13.054 Loading class java/lang/invoke/BoundMethodHandle$Species_LI done

Classes unloaded (0 events):
No events

Classes redefined (0 events):
No events

Internal exceptions (20 events):
Event: 12.327 Thread 0x000002c2a07de930 Exception <a 'java/lang/NoSuchMethodError'{0x00000000cb4d8108}: 'int java.lang.invoke.DirectMethodHandle$Holder.invokeStaticInit(java.lang.Object, double, double)'> (0x00000000cb4d8108) 
thrown [s\src\hotspot\share\interpreter\linkResolver.cpp, line 773]
Event: 12.329 Thread 0x000002c2a07de930 Exception <a 'java/lang/NoSuchMethodError'{0x00000000cb4dc670}: 'int java.lang.invoke.DirectMethodHandle$Holder.invokeStatic(java.lang.Object, long)'> (0x00000000cb4dc670) 
thrown [s\src\hotspot\share\interpreter\linkResolver.cpp, line 773]
Event: 12.341 Thread 0x000002c2a07de930 Exception <a 'java/lang/NoSuchMethodError'{0x00000000cb4ff358}: 'int java.lang.invoke.DirectMethodHandle$Holder.invokeSpecial(java.lang.Object, java.lang.Object, int)'> (0x00000000cb4ff358) 
thrown [s\src\hotspot\share\interpreter\linkResolver.cpp, line 773]
Event: 12.344 Thread 0x000002c2a07de930 Exception <a 'java/lang/NoSuchMethodError'{0x00000000cb306de8}: 'int java.lang.invoke.Invokers$Holder.linkToTargetMethod(java.lang.Object, java.lang.Object)'> (0x00000000cb306de8) 
thrown [s\src\hotspot\share\interpreter\linkResolver.cpp, line 773]
Event: 12.393 Thread 0x000002c2a07de930 Exception <a 'java/lang/NoSuchMethodError'{0x00000000cb39e8e8}: 'java.lang.Object java.lang.invoke.Invokers$Holder.invoke_MT(java.lang.Object, java.lang.Object, java.lang.Object, java.lang.Object, java.lang.Object, java.lang.Object, java.lang.Object, java.lang.Object, java.lang.Object, java.lang.Object)'> (0x00000000cb39e8e8) 
thrown [s\src\hotspot\share\interpreter\linkResolver.cpp, line 773]
Event: 12.414 Thread 0x000002c2a07de930 Exception <a 'java/lang/NoSuchMethodError'{0x00000000cb3d9ad0}: 'java.lang.Object java.lang.invoke.DirectMethodHandle$Holder.invokeSpecial(java.lang.Object, java.lang.Object, int, java.lang.Object, java.lang.Object)'> (0x00000000cb3d9ad0) 
thrown [s\src\hotspot\share\interpreter\linkResolver.cpp, line 773]
Event: 12.415 Thread 0x000002c2a07de930 Exception <a 'java/lang/NoSuchMethodError'{0x00000000cb3dd520}: 'java.lang.Object java.lang.invoke.DelegatingMethodHandle$Holder.delegate(java.lang.Object, int, java.lang.Object, java.lang.Object)'> (0x00000000cb3dd520) 
thrown [s\src\hotspot\share\interpreter\linkResolver.cpp, line 773]
Event: 12.421 Thread 0x000002c2a07de930 Exception <a 'java/lang/NoSuchMethodError'{0x00000000cb3eca78}: 'int java.lang.invoke.Invokers$Holder.linkToTargetMethod(java.lang.Object, java.lang.Object, java.lang.Object)'> (0x00000000cb3eca78) 
thrown [s\src\hotspot\share\interpreter\linkResolver.cpp, line 773]
Event: 12.502 Thread 0x000002c2a07de930 Exception <a 'java/lang/NoSuchMethodError'{0x00000000cb290730}: 'void java.lang.invoke.Invokers$Holder.invokeExact_MT(java.lang.Object, java.lang.Object, java.lang.Object)'> (0x00000000cb290730) 
thrown [s\src\hotspot\share\interpreter\linkResolver.cpp, line 773]
Event: 12.656 Thread 0x000002c2a07de930 Exception <a 'java/lang/NoClassDefFoundError'{0x00000000cb1b14f0}: org/flywaydb/core/Flyway> (0x00000000cb1b14f0) 
thrown [s\src\hotspot\share\classfile\systemDictionary.cpp, line 301]
Event: 12.656 Thread 0x000002c2a07de930 Exception <a 'java/lang/NoClassDefFoundError'{0x00000000cb1b29f0}: liquibase/integration/spring/SpringLiquibase> (0x00000000cb1b29f0) 
thrown [s\src\hotspot\share\classfile\systemDictionary.cpp, line 301]
Event: 12.832 Thread 0x000002c2a07de930 Exception <a 'java/lang/NoClassDefFoundError'{0x00000000cafc5e98}: org/jooq/DSLContext> (0x00000000cafc5e98) 
thrown [s\src\hotspot\share\classfile\systemDictionary.cpp, line 301]
Event: 12.836 Thread 0x000002c2a07de930 Exception <a 'java/lang/NoClassDefFoundError'{0x00000000cafd5490}: org/springframework/batch/core/repository/JobRepository> (0x00000000cafd5490) 
thrown [s\src\hotspot\share\classfile\systemDictionary.cpp, line 301]
Event: 12.837 Thread 0x000002c2a07de930 Exception <a 'java/lang/NoClassDefFoundError'{0x00000000cafd6670}: org/quartz/Scheduler> (0x00000000cafd6670) 
thrown [s\src\hotspot\share\classfile\systemDictionary.cpp, line 301]
Event: 12.838 Thread 0x000002c2a07de930 Exception <a 'java/lang/NoClassDefFoundError'{0x00000000cafd7d60}: org/springframework/session/jdbc/JdbcIndexedSessionRepository> (0x00000000cafd7d60) 
thrown [s\src\hotspot\share\classfile\systemDictionary.cpp, line 301]
Event: 13.033 Thread 0x000002c2a07de930 Exception <a 'java/lang/NoSuchMethodError'{0x00000000cad23dd8}: 'void java.lang.invoke.DirectMethodHandle$Holder.invokeSpecial(java.lang.Object, java.lang.Object, java.lang.Object, java.lang.Object, java.lang.Object, java.lang.Object)'> (0x00000000cad23dd8) 
thrown [s\src\hotspot\share\interpreter\linkResolver.cpp, line 773]
Event: 13.051 Thread 0x000002c2a07de930 Exception <a 'java/lang/NoSuchMethodError'{0x00000000cad61a48}: 'void java.lang.invoke.DirectMethodHandle$Holder.invokeVirtual(java.lang.Object, java.lang.Object, int)'> (0x00000000cad61a48) 
thrown [s\src\hotspot\share\interpreter\linkResolver.cpp, line 773]
Event: 13.053 Thread 0x000002c2a07de930 Exception <a 'java/lang/NoSuchMethodError'{0x00000000cad659e8}: 'int java.lang.invoke.DirectMethodHandle$Holder.invokeSpecial(java.lang.Object, java.lang.Object, java.lang.Object, int)'> (0x00000000cad659e8) 
thrown [s\src\hotspot\share\interpreter\linkResolver.cpp, line 773]
Event: 13.058 Thread 0x000002c2a07de930 Exception <a 'java/lang/NoSuchMethodError'{0x00000000cad77e18}: 'java.lang.Object java.lang.invoke.DirectMethodHandle$Holder.invokeStatic(java.lang.Object, java.lang.Object, java.lang.Object, java.lang.Object, int)'> (0x00000000cad77e18) 
thrown [s\src\hotspot\share\interpreter\linkResolver.cpp, line 773]
Event: 13.061 Thread 0x000002c2a07de930 Exception <a 'java/lang/NoSuchMethodError'{0x00000000cad82670}: 'void java.lang.invoke.DelegatingMethodHandle$Holder.reinvoke_L(java.lang.Object, java.lang.Object, int)'> (0x00000000cad82670) 
thrown [s\src\hotspot\share\interpreter\linkResolver.cpp, line 773]

ZGC Phase Switch (0 events):
No events

VM Operations (20 events):
Event: 11.253 Executing VM operation: HandshakeAllThreads (Deoptimize)
Event: 11.253 Executing VM operation: HandshakeAllThreads (Deoptimize) done
Event: 11.256 Executing VM operation: HandshakeAllThreads (Deoptimize)
Event: 11.256 Executing VM operation: HandshakeAllThreads (Deoptimize) done
Event: 11.274 Executing VM operation: G1PauseRemark
Event: 11.285 Executing VM operation: G1PauseRemark done
Event: 11.289 Executing VM operation: G1PauseCleanup
Event: 11.289 Executing VM operation: G1PauseCleanup done
Event: 11.536 Executing VM operation: HandshakeAllThreads (Deoptimize)
Event: 11.536 Executing VM operation: HandshakeAllThreads (Deoptimize) done
Event: 12.288 Executing VM operation: HandshakeAllThreads (Deoptimize)
Event: 12.288 Executing VM operation: HandshakeAllThreads (Deoptimize) done
Event: 12.353 Executing VM operation: HandshakeAllThreads (Deoptimize)
Event: 12.353 Executing VM operation: HandshakeAllThreads (Deoptimize) done
Event: 12.353 Executing VM operation: Cleanup
Event: 12.353 Executing VM operation: Cleanup done
Event: 12.368 Executing VM operation: HandshakeAllThreads (Deoptimize)
Event: 12.368 Executing VM operation: HandshakeAllThreads (Deoptimize) done
Event: 13.108 Executing VM operation: HandshakeAllThreads (Deoptimize)
Event: 13.108 Executing VM operation: HandshakeAllThreads (Deoptimize) done

Memory protections (0 events):
No events

Nmethod flushes (0 events):
No events

Events (16 events):
Event: 0.165 Thread 0x000002c2a07de930 Thread added: 0x000002c2a07de930
Event: 0.355 Thread 0x000002c2a07de930 Thread added: 0x000002c2bb3ff530
Event: 0.356 Thread 0x000002c2a07de930 Thread added: 0x000002c2bb400440
Event: 0.358 Thread 0x000002c2a07de930 Thread added: 0x000002c2bb402200
Event: 0.358 Thread 0x000002c2a07de930 Thread added: 0x000002c2bb405470
Event: 0.359 Thread 0x000002c2a07de930 Thread added: 0x000002c2bb405ec0
Event: 0.360 Thread 0x000002c2a07de930 Thread added: 0x000002c2bb406910
Event: 0.360 Thread 0x000002c2a07de930 Thread added: 0x000002c2bb407690
Event: 0.365 Thread 0x000002c2a07de930 Thread added: 0x000002c2bb40c2a0
Event: 1.475 Thread 0x000002c2a07de930 Thread added: 0x000002c2bb4cd750
Event: 2.336 Thread 0x000002c2a07de930 Thread added: 0x000002c2bb8ce8c0
Event: 2.336 Thread 0x000002c2a07de930 Thread added: 0x000002c2bb777990
Event: 5.743 Thread 0x000002c2a07de930 Thread added: 0x000002c2fd9ba070
Event: 7.538 Thread 0x000002c2fd9ba070 Thread exited: 0x000002c2fd9ba070
Event: 8.470 Thread 0x000002c2a07de930 Thread added: 0x000002c2fde4f980
Event: 8.703 Thread 0x000002c2fde4f980 Thread exited: 0x000002c2fde4f980


Dynamic libraries:
0x00007ff618840000 - 0x00007ff61884e000 	C:\Users\Kamal\.jdks\ms-21.0.8\bin\java.exe
0x00007ffb73c30000 - 0x00007ffb73e28000 	C:\WINDOWS\SYSTEM32\ntdll.dll
0x00007ffb72350000 - 0x00007ffb72412000 	C:\WINDOWS\System32\KERNEL32.DLL
0x00007ffb715e0000 - 0x00007ffb718d6000 	C:\WINDOWS\System32\KERNELBASE.dll
0x00007ffb712d0000 - 0x00007ffb713d0000 	C:\WINDOWS\System32\ucrtbase.dll
0x00007ffb69f70000 - 0x00007ffb69f88000 	C:\Users\Kamal\.jdks\ms-21.0.8\bin\jli.dll
0x00007ffb6ac10000 - 0x00007ffb6ac2e000 	C:\Users\Kamal\.jdks\ms-21.0.8\bin\VCRUNTIME140.dll
0x00007ffb73000000 - 0x00007ffb7319d000 	C:\WINDOWS\System32\USER32.dll
0x00007ffb71b20000 - 0x00007ffb71b42000 	C:\WINDOWS\System32\win32u.dll
0x00007ffb72300000 - 0x00007ffb7232b000 	C:\WINDOWS\System32\GDI32.dll
0x00007ffb64ca0000 - 0x00007ffb64f3b000 	C:\WINDOWS\WinSxS\amd64_microsoft.windows.common-controls_6595b64144ccf1df_6.0.19041.6280_none_60bc30a171f2f3f3\COMCTL32.dll
0x00007ffb71420000 - 0x00007ffb71539000 	C:\WINDOWS\System32\gdi32full.dll
0x00007ffb720a0000 - 0x00007ffb7213e000 	C:\WINDOWS\System32\msvcrt.dll
0x00007ffb71540000 - 0x00007ffb715dd000 	C:\WINDOWS\System32\msvcp_win.dll
0x00007ffb72070000 - 0x00007ffb7209f000 	C:\WINDOWS\System32\IMM32.DLL
0x00007ffb69f10000 - 0x00007ffb69f1c000 	C:\Users\Kamal\.jdks\ms-21.0.8\bin\vcruntime140_1.dll
0x00007ffb649a0000 - 0x00007ffb64a29000 	C:\Users\Kamal\.jdks\ms-21.0.8\bin\msvcp140.dll
0x00007ffb15da0000 - 0x00007ffb16b4c000 	C:\Users\Kamal\.jdks\ms-21.0.8\bin\server\jvm.dll
0x00007ffb721a0000 - 0x00007ffb72251000 	C:\WINDOWS\System32\ADVAPI32.dll
0x00007ffb72260000 - 0x00007ffb722ff000 	C:\WINDOWS\System32\sechost.dll
0x00007ffb71f40000 - 0x00007ffb72060000 	C:\WINDOWS\System32\RPCRT4.dll
0x00007ffb718e0000 - 0x00007ffb71907000 	C:\WINDOWS\System32\bcrypt.dll
0x00007ffb72e90000 - 0x00007ffb72efb000 	C:\WINDOWS\System32\WS2_32.dll
0x00007ffb65820000 - 0x00007ffb6582a000 	C:\WINDOWS\SYSTEM32\VERSION.dll
0x00007ffb71130000 - 0x00007ffb7117b000 	C:\WINDOWS\SYSTEM32\POWRPROF.dll
0x00007ffb634d0000 - 0x00007ffb634f7000 	C:\WINDOWS\SYSTEM32\WINMM.dll
0x00007ffb71110000 - 0x00007ffb71122000 	C:\WINDOWS\SYSTEM32\UMPDC.dll
0x00007ffb6f150000 - 0x00007ffb6f162000 	C:\WINDOWS\SYSTEM32\kernel.appcore.dll
0x00007ffb69f00000 - 0x00007ffb69f0a000 	C:\Users\Kamal\.jdks\ms-21.0.8\bin\jimage.dll
0x00007ffb69200000 - 0x00007ffb69401000 	C:\WINDOWS\SYSTEM32\DBGHELP.DLL
0x00007ffb68f00000 - 0x00007ffb68f34000 	C:\WINDOWS\SYSTEM32\dbgcore.DLL
0x00007ffb71b50000 - 0x00007ffb71bd2000 	C:\WINDOWS\System32\bcryptPrimitives.dll
0x00007ffb69e30000 - 0x00007ffb69e40000 	C:\Users\Kamal\.jdks\ms-21.0.8\bin\instrument.dll
0x00007ffb69e40000 - 0x00007ffb69e61000 	C:\Users\Kamal\.jdks\ms-21.0.8\bin\java.dll
0x00007ffb72670000 - 0x00007ffb72de0000 	C:\WINDOWS\System32\SHELL32.dll
0x00007ffb6f350000 - 0x00007ffb6faf5000 	C:\WINDOWS\SYSTEM32\windows.storage.dll
0x00007ffb731a0000 - 0x00007ffb734f3000 	C:\WINDOWS\System32\combase.dll
0x00007ffb70c30000 - 0x00007ffb70c5b000 	C:\WINDOWS\SYSTEM32\Wldp.dll
0x00007ffb72540000 - 0x00007ffb7260d000 	C:\WINDOWS\System32\OLEAUT32.dll
0x00007ffb739d0000 - 0x00007ffb73a7d000 	C:\WINDOWS\System32\SHCORE.dll
0x00007ffb72140000 - 0x00007ffb7219b000 	C:\WINDOWS\System32\shlwapi.dll
0x00007ffb71200000 - 0x00007ffb71224000 	C:\WINDOWS\SYSTEM32\profapi.dll
0x00007ffb48370000 - 0x00007ffb48446000 	C:\Users\Kamal\.jdks\ms-21.0.8\bin\jsvml.dll
0x00007ffb644b0000 - 0x00007ffb644c8000 	C:\Users\Kamal\.jdks\ms-21.0.8\bin\zip.dll
0x00007ffb680b0000 - 0x00007ffb680c1000 	C:\Users\Kamal\.jdks\ms-21.0.8\bin\net.dll
0x00007ffb67a30000 - 0x00007ffb67b3a000 	C:\WINDOWS\SYSTEM32\WINHTTP.dll
0x00007ffb70990000 - 0x00007ffb709fa000 	C:\WINDOWS\system32\mswsock.dll
0x00007ffb67600000 - 0x00007ffb67616000 	C:\Users\Kamal\.jdks\ms-21.0.8\bin\nio.dll
0x00007ffb69140000 - 0x00007ffb69149000 	C:\Users\Kamal\.jdks\ms-21.0.8\bin\extnet.dll
0x00007ffb644a0000 - 0x00007ffb644ae000 	C:\Users\Kamal\.jdks\ms-21.0.8\bin\sunmscapi.dll
0x00007ffb719c0000 - 0x00007ffb71b1d000 	C:\WINDOWS\System32\CRYPT32.dll
0x00007ffb70ca0000 - 0x00007ffb70cc7000 	C:\WINDOWS\SYSTEM32\ncrypt.dll
0x00007ffb70c60000 - 0x00007ffb70c9b000 	C:\WINDOWS\SYSTEM32\NTASN1.dll

JVMTI agents:
F:\IntelliJ IDEA Community Edition 2025.1.3\lib\idea_rt.jar path:C:\Users\Kamal\.jdks\ms-21.0.8\bin\instrument.dll, loaded, initialized, instrumentlib options:49579

dbghelp: loaded successfully - version: 4.0.5 - missing functions: none
symbol engine: initialized successfully - sym options: 0x614 - pdb path: .;C:\Users\Kamal\.jdks\ms-21.0.8\bin;C:\WINDOWS\SYSTEM32;C:\WINDOWS\WinSxS\amd64_microsoft.windows.common-controls_6595b64144ccf1df_6.0.19041.6280_none_60bc30a171f2f3f3;C:\Users\Kamal\.jdks\ms-21.0.8\bin\server

VM Arguments:
jvm_args: -javaagent:F:\IntelliJ IDEA Community Edition 2025.1.3\lib\idea_rt.jar=49579 -Dfile.encoding=UTF-8 -Dsun.stdout.encoding=UTF-8 -Dsun.stderr.encoding=UTF-8 
java_command: com.example.classcount.ClasscountApplication
java_class_path (initial): C:\Users\Kamal\Downloads\classcount-final-master2\classcount-final-master\target\classes;C:\Users\Kamal\.m2\repository\org\springframework\boot\spring-boot-starter-web\3.2.5\spring-boot-starter-web-3.2.5.jar;C:\Users\Kamal\.m2\repository\org\springframework\boot\spring-boot-starter\3.2.5\spring-boot-starter-3.2.5.jar;C:\Users\Kamal\.m2\repository\org\springframework\boot\spring-boot\3.2.5\spring-boot-3.2.5.jar;C:\Users\Kamal\.m2\repository\org\springframework\boot\spring-boot-autoconfigure\3.2.5\spring-boot-autoconfigure-3.2.5.jar;C:\Users\Kamal\.m2\repository\org\springframework\boot\spring-boot-starter-logging\3.2.5\spring-boot-starter-logging-3.2.5.jar;C:\Users\Kamal\.m2\repository\ch\qos\logback\logback-classic\1.4.14\logback-classic-1.4.14.jar;C:\Users\Kamal\.m2\repository\ch\qos\logback\logback-core\1.4.14\logback-core-1.4.14.jar;C:\Users\Kamal\.m2\repository\org\apache\logging\log4j\log4j-to-slf4j\2.21.1\log4j-to-slf4j-2.21.1.jar;C:\Users\Kamal\.m2\repository\org\slf4j\jul-to-slf4j\2.0.13\jul-to-slf4j-2.0.13.jar;C:\Users\Kamal\.m2\repository\jakarta\annotation\jakarta.annotation-api\2.1.1\jakarta.annotation-api-2.1.1.jar;C:\Users\Kamal\.m2\repository\org\yaml\snakeyaml\2.2\snakeyaml-2.2.jar;C:\Users\Kamal\.m2\repository\org\springframework\boot\spring-boot-starter-json\3.2.5\spring-boot-starter-json-3.2.5.jar;C:\Users\Kamal\.m2\repository\com\fasterxml\jackson\core\jackson-databind\2.15.4\jackson-databind-2.15.4.jar;C:\Users\Kamal\.m2\repository\com\fasterxml\jackson\core\jackson-annotations\2.15.4\jackson-annotations-2.15.4.jar;C:\Users\Kamal\.m2\repository\com\fasterxml\jackson\core\jackson-core\2.15.4\jackson-core-2.15.4.jar;C:\Users\Kamal\.m2\repository\com\fasterxml\jackson\datatype\jackson-datatype-jdk8\2.15.4\jackson-datatype-jdk8-2.15.4.jar;C:\Users\Kamal\.m2\repository\com\fasterxml\jackson\datatype\jackson-datatype-jsr310\2.15.4\jackson-datatype-jsr310-2.15.4.jar;C:\Users\Kamal\.m2\repository\com\fasterxml\jackson\module\jackson-module-parameter-names\2.15.4\jackson-module-parameter-names-2.15.4.jar;C:\Users\Kamal\.m2\repository\org\springframework\boot\spring-boot-starter-tomcat\3.2.5\spring-boot-starter-tomcat-3.2.5.jar;C:\Users\Kamal\.m2\repository\org\apache\tomcat\embed\tomcat-embed-core\10.1.20\tomcat-embed-core-10.1.20.jar;C:\Users\Kamal\.m2\repository\org\apache\tomcat\embed\tomcat-embed-el\10.1.20\tomcat-embed-el-10.1.20.jar;C:\Users\Kamal\.m2\repository\org\apache\tomcat\embed\tomcat-embed-websocket\10.1.20\tomcat-embed-websocket-10.1.20.jar;C:\Users\Kamal\.m2\repository\org\springframework\spring-web\6.1.6\spring-web-6.1.6.jar;C:\Users\Kamal\.m2\repository\org\springframework\spring-beans\6.1.6\spring-beans-6.1.6.jar;C:\Users\Kamal\.m2\repository\io\micrometer\micrometer-observation\1.12.5\micrometer-observation-1.12.5.jar;C:\Users\Kamal\.m2\repository\io\micrometer\micrometer-commons\1.12.5\micrometer-commons-1.12.5.jar;C:\Users\Kamal\.m2\repository\org\springframework\spring-webmvc\6.1.6\spring-webmvc-6.1.6.jar;C:\Users\Kamal\.m2\repository\org\springframework\spring-context\6.1.6\spring-context-6.1.6.jar;C:\Users\Kamal\.m2\repository\org\springframework\spring-expression\6.1.6\spring-expression-6.1.6.jar;C:\Users\Kamal\.m2\repository\org\springframework\boot\spring-boot-starter-data-jpa\3.2.5\spring-boot-starter-data-jpa-3.2.5.jar;C:\Users\Kamal\.m2\repository\org\springframework\boot\spring-boot-starter-aop\3.2.5\spring-boot-starter-aop-3.2.5.jar;C:\Users\Kamal\.m2\repository\org\aspectj\aspectjweaver\1.9.22\aspectjweaver-1.9.22.jar;C:\Users\Kamal\.m2\repository\org\springframework\boot\spring-boot-starter-jdbc\3.2.5\spring-boot-starter-jdbc-3.2.5.jar;C:\Users\Kamal\.m2\repository\com\zaxxer\HikariCP\5.0.1\HikariCP-5.0.1.jar;C:\Users\Kamal\.m2\repository\org\springframework\spring-jdbc\6.1.6\spring-jdbc-6.1.6.jar;C:\Users\Kamal\.m2\repository\org\hibernate\orm\hibernate-core\6.4.4.Final\hibernate-core-6.4.4.Final.jar;C:\Users\Kamal\.m2\repository\jakarta\persistence\jakarta.persistence-api\3.1.0\jakarta.persistence-api-3.1.0.jar;C:\Users\Kamal\.m2\repository\jakarta\transaction\jakarta.transaction-api\2.0.1\jakarta.transaction-api-2.0.1.jar;C:\Users\Kamal\.m2\repository\org\jboss\logging\jboss-logging\3.5.3.Final\jboss-logging-3.5.3.Final.jar;C:\Users\Kamal\.m2\repository\org\hibernate\common\hibernate-commons-annotations\6.0.6.Final\hibernate-commons-annotations-6.0.6.Final.jar;C:\Users\Kamal\.m2\repository\io\smallrye\jandex\3.1.2\jandex-3.1.2.jar;C:\Users\Kamal\.m2\repository\com\fasterxml\classmate\1.6.0\classmate-1.6.0.jar;C:\Users\Kamal\.m2\repository\net\bytebuddy\byte-buddy\1.14.13\byte-buddy-1.14.13.jar;C:\Users\Kamal\.m2\repository\org\glassfish\jaxb\jaxb-runtime\4.0.5\jaxb-runtime-4.0.5.jar;C:\Users\Kamal\.m2\repository\org\glassfish\jaxb\jaxb-core\4.0.5\jaxb-core-4.0.5.jar;C:\Users\Kamal\.m2\repository\org\eclipse\angus\angus-activation\2.0.2\angus-activation-2.0.2.jar;C:\Users\Kamal\.m2\repository\org\glassfish\jaxb\txw2\4.0.5\txw2-4.0.5.jar;C:\Users\Kamal\.m2\repository\com\sun\istack\istack-commons-runtime\4.1.2\istack-commons-runtime-4.1.2.jar;C:\Users\Kamal\.m2\repository\jakarta\inject\jakarta.inject-api\2.0.1\jakarta.inject-api-2.0.1.jar;C:\Users\Kamal\.m2\repository\org\antlr\antlr4-runtime\4.13.0\antlr4-runtime-4.13.0.jar;C:\Users\Kamal\.m2\repository\org\springframework\data\spring-data-jpa\3.2.5\spring-data-jpa-3.2.5.jar;C:\Users\Kamal\.m2\repository\org\springframework\data\spring-data-commons\3.2.5\spring-data-commons-3.2.5.jar;C:\Users\Kamal\.m2\repository\org\springframework\spring-orm\6.1.6\spring-orm-6.1.6.jar;C:\Users\Kamal\.m2\repository\org\springframework\spring-tx\6.1.6\spring-tx-6.1.6.jar;C:\Users\Kamal\.m2\repository\org\springframework\spring-aspects\6.1.6\spring-aspects-6.1.6.jar;C:\Users\Kamal\.m2\repository\org\springframework\boot\spring-boot-starter-security\3.2.5\spring-boot-starter-security-3.2.5.jar;C:\Users\Kamal\.m2\repository\org\springframework\spring-aop\6.1.6\spring-aop-6.1.6.jar;C:\Users\Kamal\.m2\repository\org\springframework\security\spring-security-config\6.2.4\spring-security-config-6.2.4.jar;C:\Users\Kamal\.m2\repository\org\springframework\security\spring-security-web\6.2.4\spring-security-web-6.2.4.jar;C:\Users\Kamal\.m2\repository\org\springframework\boot\spring-boot-starter-thymeleaf\3.2.5\spring-boot-starter-thymeleaf-3.2.5.jar;C:\Users\Kamal\.m2\repository\org\thymeleaf\thymeleaf-spring6\3.1.2.RELEASE\thymeleaf-spring6-3.1.2.RELEASE.jar;C:\Users\Kamal\.m2\repository\org\thymeleaf\thymeleaf\3.1.2.RELEASE\thymeleaf-3.1.2.RELEASE.jar;C:\Users\Kamal\.m2\repository\org\attoparser\attoparser\2.0.7.RELEASE\attoparser-2.0.7.RELEASE.jar;C:\Users\Kamal\.m2\repository\org\unbescape\unbescape\1.1.6.RELEASE\unbescape-1.1.6.RELEASE.jar;C:\Users\Kamal\.m2\repository\org\thymeleaf\extras\thymeleaf-extras-springsecurity6\3.1.2.RELEASE\thymeleaf-extras-springsecurity6-3.1.2.RELEASE.jar;C:\Users\Kamal\.m2\repository\org\slf4j\slf4j-api\2.0.13\slf4j-api-2.0.13.jar;C:\Users\Kamal\.m2\repository\com\mysql\mysql-connector-j\8.3.0\mysql-connector-j-8.3.0.jar;C:\Users\Kamal\.m2\repository\org\apache\poi\poi\5.2.5\poi-5.2.5.jar;C:\Users\Kamal\.m2\repository\commons-codec\commons-codec\1.16.1\commons-codec-1.16.1.jar;C:\Users\Kamal\.m2\repository\org\apache\commons\commons-collections4\4.4\commons-collections4-4.4.jar;C:\Users\Kamal\.m2\repository\org\apache\commons\commons-math3\3.6.1\commons-math3-3.6.1.jar;C:\Users\Kamal\.m2\repository\commons-io\commons-io\2.15.0\commons-io-2.15.0.jar;C:\Users\Kamal\.m2\repository\com\zaxxer\SparseBitSet\1.3\SparseBitSet-1.3.jar;C:\Users\Kamal\.m2\repository\org\apache\logging\log4j\log4j-api\2.21.1\log4j-api-2.21.1.jar;C:\Users\Kamal\.m2\repository\org\apache\poi\poi-ooxml\5.2.5\poi-ooxml-5.2.5.jar;C:\Users\Kamal\.m2\repository\org\apache\poi\poi-ooxml-lite\5.2.5\poi-ooxml-lite-5.2.5.jar;C:\Users\Kamal\.m2\repository\org\apache\xmlbeans\xmlbeans\5.2.0\xmlbeans-5.2.0.jar;C:\Users\Kamal\.m2\repository\org\apache\commons\commons-compress\1.25.0\commons-compress-1.25.0.jar;C:\Users\Kamal\.m2\repository\com\github\virtuald\curvesapi\1.08\curvesapi-1.08.jar;C:\Users\Kamal\.m2\repository\org\projectlombok\lombok\1.18.32\lombok-1.18.32.jar;C:\Users\Kamal\.m2\repository\jakarta\xml\bind\jakarta.xml.bind-api\4.0.2\jakarta.xml.bind-api-4.0.2.jar;C:\Users\Kamal\.m2\repository\jakarta\activation\jakarta.activation-api\2.1.3\jakarta.activation-api-2.1.3.jar;C:\Users\Kamal\.m2\repository\org\springframework\spring-core\6.1.6\spring-core-6.1.6.jar;C:\Users\Kamal\.m2\repository\org\springframework\spring-jcl\6.1.6\spring-jcl-6.1.6.jar;C:\Users\Kamal\.m2\repository\org\springframework\security\spring-security-core\6.2.4\spring-security-core-6.2.4.jar;C:\Users\Kamal\.m2\repository\org\springframework\security\spring-security-crypto\6.2.4\spring-security-crypto-6.2.4.jar
Launcher Type: SUN_STANDARD

[Global flags]
     intx CICompilerCount                          = 3                                         {product} {ergonomic}
     uint ConcGCThreads                            = 1                                         {product} {ergonomic}
     uint G1ConcRefinementThreads                  = 4                                         {product} {ergonomic}
   size_t G1HeapRegionSize                         = 1048576                                   {product} {ergonomic}
    uintx GCDrainStackTargetSize                   = 64                                        {product} {ergonomic}
   size_t InitialHeapSize                          = 58720256                                  {product} {ergonomic}
   size_t MarkStackSize                            = 4194304                                   {product} {ergonomic}
   size_t MaxHeapSize                              = 931135488                                 {product} {ergonomic}
   size_t MaxNewSize                               = 557842432                                 {product} {ergonomic}
   size_t MinHeapDeltaBytes                        = 1048576                                   {product} {ergonomic}
   size_t MinHeapSize                              = 8388608                                   {product} {ergonomic}
    uintx NonNMethodCodeHeapSize                   = 5832780                                {pd product} {ergonomic}
    uintx NonProfiledCodeHeapSize                  = 122912730                              {pd product} {ergonomic}
    uintx ProfiledCodeHeapSize                     = 122912730                              {pd product} {ergonomic}
    uintx ReservedCodeCacheSize                    = 251658240                              {pd product} {ergonomic}
     bool SegmentedCodeCache                       = true                                      {product} {ergonomic}
   size_t SoftMaxHeapSize                          = 931135488                              {manageable} {ergonomic}
     bool UseCompressedOops                        = true                           {product lp64_product} {ergonomic}
     bool UseG1GC                                  = true                                      {product} {ergonomic}
     bool UseLargePagesIndividualAllocation        = false                                  {pd product} {ergonomic}

Logging:
Log output configuration:
 #0: stdout all=warning uptime,level,tags foldmultilines=false
 #1: stderr all=off uptime,level,tags foldmultilines=false

Environment Variables:
PATH=C:\Program Files\Common Files\Oracle\Java\javapath;C:\WINDOWS\system32;C:\WINDOWS;C:\WINDOWS\System32\Wbem;C:\WINDOWS\System32\WindowsPowerShell\v1.0\;C:\WINDOWS\System32\OpenSSH\;C:\Program Files\Java\jdk-24\bin;C:\Program Files\Git\cmd;F:\IntelliJ IDEA Community Edition 2025.1.3\bin;C:\Program Files\nodejs\;C:\Users\Kamal\AppData\Local\Programs\Eclipse Adoptium\jdk-21.0.8.9-hotspot\bin;C:\Program Files\MySQL\MySQL Shell 8.0\bin\;C:\Users\Kamal\AppData\Local\Microsoft\WindowsApps;C:\Users\Kamal\AppData\Local\Programs\Microsoft VS Code\bin;F:\IntelliJ IDEA Community Edition 2025.1.3\bin;C:\Users\Kamal\AppData\Local\Programs\Eclipse Adoptium\jdk-21.0.8.9-hotspot\bin;C:\Users\Kamal\Downloads\apache-maven-4.0.0-rc-4-bin\apache-maven-4.0.0-rc-4\bin;C:\mingw64\mingw64\bin;;C:\Users\Kamal\AppData\Roaming\npm
USERNAME=Kamal
OS=Windows_NT
PROCESSOR_IDENTIFIER=AMD64 Family 22 Model 48 Stepping 1, AuthenticAMD
TMP=C:\Users\Kamal\AppData\Local\Temp
TEMP=C:\Users\Kamal\AppData\Local\Temp




Periodic native trim disabled

---------------  S Y S T E M  ---------------

OS:
 Windows 10 , 64 bit Build 19041 (10.0.19041.5915)
OS uptime: 6 days 7:22 hours

CPU: total 4 (initial active 4) (4 cores per cpu, 1 threads per core) family 22 model 48 stepping 1 microcode 0x0, cx8, cmov, fxsr, mmx, 3dnowpref, sse, sse2, sse3, ssse3, sse4a, sse4.1, sse4.2, popcnt, lzcnt, tsc, tscinvbit, avx, aes, clmul, bmi1, vzeroupper, clflush, rdtscp, f16c
Processor Information for the first 4 processors :
  Max Mhz: 2000, Current Mhz: 2000, Mhz Limit: 2000

Memory: 4k page, system-wide physical 3546M (297M free)
TotalPageFile size 10058M (AvailPageFile size 4M)
current process WorkingSet (physical memory assigned to process): 144M, peak: 146M
current process commit charge ("private bytes"): 187M, peak: 189M

vm_info: OpenJDK 64-Bit Server VM (21.0.8+9-LTS) for windows-amd64 JRE (21.0.8+9-LTS), built on 2025-07-10T20:22:44Z by "MicrosoftCorporation" with unknown MS VC++:1944

END.
